- 21:56:46.014 DEBUG3: 			current_bet_: 32716
- 21:56:46.014 DEBUG3: 			current_raise_by_: 3287285840
- 21:56:46.014 DEBUG3: 			Updated view
- 21:56:46.014 DEBUG: Initialized game, blinds 5/10
- 21:56:46.014 DEBUG3: 			current_bet_: 32716
- 21:56:46.014 DEBUG3: 			current_raise_by_: 3287285840
- 21:56:46.014 DEBUG3: 			Updated view
- 21:56:46.014 DEBUG: Added p0 in seat 0 with 100 chips.
- 21:56:46.014 DEBUG3: 			current_bet_: 32716
- 21:56:46.014 DEBUG3: 			current_raise_by_: 3287285840
- 21:56:46.014 DEBUG3: 			Updated view
- 21:56:46.014 DEBUG: Added p1 in seat 1 with 100 chips.
- 21:56:46.014 DEBUG3: 			current_bet_: 32716
- 21:56:46.014 DEBUG3: 			current_raise_by_: 3287285840
- 21:56:46.014 DEBUG3: 			Updated view
- 21:56:46.014 DEBUG: Added p2 in seat 2 with 100 chips.
- 21:56:46.014 DEBUG3: 			current_bet_: 32716
- 21:56:46.014 DEBUG3: 			current_raise_by_: 3287285840
- 21:56:46.014 DEBUG3: 			Updated view
- 21:56:46.014 DEBUG: Added p3 in seat 3 with 100 chips.
